Week06_27963/app/build/intermediates/manifest_merge_blame_file/debug/manifest-merger-blame-debug-report.txt
1<?xml version="1.0" encoding="utf-8"?>
2<manifest xmlns:android="http://schemas.android.com/apk/res/android"
3    package="id.ac.umn.week06_27963"
4    android:versionCode="1"
5    android:versionName="1.0" >
6
7    <uses-sdk
8        android:minSdkVersion="25"
8-->src/main/AndroidManifest.xml
9        android:targetSdkVersion="30" />
9-->src/main/AndroidManifest.xml
10
11    <application
11-->src/main/AndroidManifest.xml:5:5-40:19
12        android:allowBackup="true"
12-->src/main/AndroidManifest.xml:6:9-35
13        android:appComponentFactory="androidx.core.app.CoreComponentFactory"
13-->[androidx.core:core:1.3.1] AndroidManifest.xml:24:18-86
14        android:debuggable="true"
15        android:extractNativeLibs="false"
16        android:icon="@mipmap/ic_launcher"
16-->src/main/AndroidManifest.xml:7:9-43
17        android:label="@string/app_name"
17-->src/main/AndroidManifest.xml:8:9-41
18        android:roundIcon="@mipmap/ic_launcher_round"
18-->src/main/AndroidManifest.xml:9:9-54
19        android:supportsRtl="true"
19-->src/main/AndroidManifest.xml:10:9-35
20        android:testOnly="true"
21        android:theme="@style/Theme.Week06_27963" >
21-->src/main/AndroidManifest.xml:11:9-50
22        <activity
22-->src/main/AndroidManifest.xml:12:9-18:20
23            android:name="id.ac.umn.week06_27963.ActivityKetiga"
23-->src/main/AndroidManifest.xml:12:19-49
24            android:label="Activity Ketiga"
24-->src/main/AndroidManifest.xml:13:13-44
25            android:parentActivityName="id.ac.umn.week06_27963.ActivityKetiga" >
25-->src/main/AndroidManifest.xml:14:13-57
26            <meta-data
26-->src/main/AndroidManifest.xml:15:13-17:73
27                android:name="android.support.PARENT_ACTIVITY"
27-->src/main/AndroidManifest.xml:16:17-63
28                android:value="id.ac.umn.week06_27963.ActivityKetiga" />
28-->src/main/AndroidManifest.xml:17:17-70
29        </activity>
30        <activity
30-->src/main/AndroidManifest.xml:19:9-25:20
31            android:name="id.ac.umn.week06_27963.ActivityKedua"
31-->src/main/AndroidManifest.xml:19:19-48
32            android:label="Activity Kedua"
32-->src/main/AndroidManifest.xml:20:13-43
33            android:parentActivityName="id.ac.umn.week06_27963.ActivityKedua" >
33-->src/main/AndroidManifest.xml:21:13-56
34            <meta-data
34-->src/main/AndroidManifest.xml:15:13-17:73
35                android:name="android.support.PARENT_ACTIVITY"
35-->src/main/AndroidManifest.xml:16:17-63
36                android:value="id.ac.umn.week06_27963.ActivityKedua" />
36-->src/main/AndroidManifest.xml:17:17-70
37        </activity>
38        <activity
38-->src/main/AndroidManifest.xml:26:9-32:20
39            android:name="id.ac.umn.week06_27963.ActivityPertama"
39-->src/main/AndroidManifest.xml:26:19-50
40            android:label="Activity Pertama"
40-->src/main/AndroidManifest.xml:27:13-45
41            android:parentActivityName="id.ac.umn.week06_27963.MainActivity" >
41-->src/main/AndroidManifest.xml:28:13-55
42            <meta-data
42-->src/main/AndroidManifest.xml:15:13-17:73
43                android:name="android.support.PARENT_ACTIVITY"
43-->src/main/AndroidManifest.xml:16:17-63
44                android:value="id.ac.umn.week06_27963.ActivityPertama" />
44-->src/main/AndroidManifest.xml:17:17-70
45        </activity>
46        <activity android:name="id.ac.umn.week06_27963.MainActivity" >
46-->src/main/AndroidManifest.xml:33:9-39:20
46-->src/main/AndroidManifest.xml:33:19-47
47            <intent-filter>
47-->src/main/AndroidManifest.xml:34:13-38:29
48                <action android:name="android.intent.action.MAIN" />
48-->src/main/AndroidManifest.xml:35:17-69
48-->src/main/AndroidManifest.xml:35:25-66
49
50                <category android:name="android.intent.category.LAUNCHER" />
50-->src/main/AndroidManifest.xml:37:17-77
50-->src/main/AndroidManifest.xml:37:27-74
51            </intent-filter>
52        </activity>
53    </application>
54
55</manifest>